<?xml version="1.0" encoding="UTF-8"?>
<!-- Generated by org.testng.reporters.JUnitXMLReporter -->
<testsuite hostname="Harshs-MacBook-Pro.local" failures="0" tests="6" name="Default test" time="7.321" errors="0" timestamp="21 Aug 2025 15:29:26 GMT">
  <testcase classname="testSuite.getUserTest" name="getUserData" time="1.196"/>
  <testcase classname="testSuite.getUserTest" name="postBookToUserData" time="1.189"/>
  <testcase classname="testSuite.getUserTest" name="getUserData2" time="0.589"/>
  <testcase classname="testSuite.getUserTest" name="deleteBookUserData1" time="0.83"/>
  <testcase classname="testSuite.getUserTest" name="deleteBookUserData1" time="1.064"/>
  <testcase classname="testSuite.getUserTest" name="getBookData" time="0.62"/>
</testsuite> <!-- Default test -->
